Welcome to the Get CP/SP Snoop Timeline Tool

Note. Each bin stores a count of how many msgs of a particular ID was sent during 
a specified interval in a 1 second epoch. 
e.g. Bin 0 is for msgs sent between 000000 usec and before 100000 usec 
e.g. Bin 1 is for msgs sent between 100000 usec and before 200000 usec 


processing dummy ...

processing snoop_ZLA_11112014.00:00.60mins.txt ...

processing snoop_ZLA_11112014.01:00.60mins.txt ...

processing snoop_ZLA_11112014.02:00.60mins.txt ...

processing snoop_ZLA_11112014.03:00.60mins.txt ...

processing snoop_ZLA_11112014.04:00.60mins.txt ...

processing snoop_ZLA_11112014.05:00.60mins.txt ...

processing snoop_ZLA_11112014.06:00.60mins.txt ...

processing snoop_ZLA_11112014.07:00.60mins.txt ...

processing snoop_ZLA_11112014.08:00.60mins.txt ...

processing snoop_ZLA_11112014.09:00.60mins.txt ...

processing snoop_ZLA_11112014.10:00.60mins.txt ...

processing snoop_ZLA_11112014.11:00.60mins.txt ...

processing snoop_ZLA_11112014.12:00.60mins.txt ...

processing snoop_ZLA_11112014.13:00.60mins.txt ...

processing snoop_ZLA_11112014.14:00.60mins.txt ...

processing snoop_ZLA_11112014.15:00.60mins.txt ...

processing snoop_ZLA_11112014.16:00.60mins.txt ...

processing snoop_ZLA_11112014.17:00.60mins.txt ...

processing snoop_ZLA_11112014.18:00.60mins.txt ...

processing snoop_ZLA_11112014.19:00.60mins.txt ...

processing snoop_ZLA_11112014.20:00.60mins.txt ...

processing snoop_ZLA_11112014.21:00.60mins.txt ...

processing snoop_ZLA_11112014.22:00.60mins.txt ...

processing snoop_ZLA_11112014.23:00.60mins.txt ...

*****************
*** DATA_TYPE ***
*****************

--- CP to SP --- 

DEST_SERVER:   2   MSG_ID:   1    
  USEC   BIN0:      0   BIN1:      0   BIN2:      0   BIN3:      0   BIN4:      0   BIN5:      0   BIN6:      0   BIN7:      0   BIN8:      2   BIN9:      0
  USEC   MIN0: 000000   MIN1: 000000   MIN2: 000000   MIN3: 000000   MIN4: 000000   MIN5: 000000   MIN6: 000000   MIN7: 000000   MIN8: 811640   MIN9: 000000  
  USEC   MAX0: 000000   MAX1: 000000   MAX2: 000000   MAX3: 000000   MAX4: 000000   MAX5: 000000   MAX6: 000000   MAX7: 000000   MAX8: 811764   MAX9: 000000  

DEST_SERVER:   2   MSG_ID:   2    
  USEC   BIN0:      0   BIN1:      0   BIN2:      0   BIN3:      0   BIN4:      0   BIN5:      0   BIN6:      0   BIN7: 172704   BIN8:      0   BIN9:      0
  USEC   MIN0: 000000   MIN1: 000000   MIN2: 000000   MIN3: 000000   MIN4: 000000   MIN5: 000000   MIN6: 000000   MIN7: 701210   MIN8: 000000   MIN9: 000000  
  USEC   MAX0: 000000   MAX1: 000000   MAX2: 000000   MAX3: 000000   MAX4: 000000   MAX5: 000000   MAX6: 000000   MAX7: 763993   MAX8: 000000   MAX9: 000000  

DEST_SERVER:  10   MSG_ID:   1    
  USEC   BIN0:  17280   BIN1:      0   BIN2:      0   BIN3:      0   BIN4:      0   BIN5:      0   BIN6:      0   BIN7:      0   BIN8:      0   BIN9:      0
  USEC   MIN0: 002188   MIN1: 000000   MIN2: 000000   MIN3: 000000   MIN4: 000000   MIN5: 000000   MIN6: 000000   MIN7: 000000   MIN8: 000000   MIN9: 000000  
  USEC   MAX0: 005584   MAX1: 000000   MAX2: 000000   MAX3: 000000   MAX4: 000000   MAX5: 000000   MAX6: 000000   MAX7: 000000   MAX8: 000000   MAX9: 000000  

DEST_SERVER:  16   MSG_ID:   1    
  USEC   BIN0:      0   BIN1:      0   BIN2:      0   BIN3:      0   BIN4:      0   BIN5:      0   BIN6:      0   BIN7: 124384   BIN8: 566432   BIN9:      0
  USEC   MIN0: 000000   MIN1: 000000   MIN2: 000000   MIN3: 000000   MIN4: 000000   MIN5: 000000   MIN6: 000000   MIN7: 792879   MIN8: 800000   MIN9: 000000  
  USEC   MAX0: 000000   MAX1: 000000   MAX2: 000000   MAX3: 000000   MAX4: 000000   MAX5: 000000   MAX6: 000000   MAX7: 799999   MAX8: 880928   MAX9: 000000  

DEST_SERVER:  16   MSG_ID:   2    
  USEC   BIN0:      0   BIN1:      0   BIN2:      0   BIN3:      0   BIN4:      0   BIN5:      0   BIN6:      0   BIN7:     12   BIN8:    664   BIN9:      0
  USEC   MIN0: 000000   MIN1: 000000   MIN2: 000000   MIN3: 000000   MIN4: 000000   MIN5: 000000   MIN6: 000000   MIN7: 798990   MIN8: 800031   MIN9: 000000  
  USEC   MAX0: 000000   MAX1: 000000   MAX2: 000000   MAX3: 000000   MAX4: 000000   MAX5: 000000   MAX6: 000000   MAX7: 799796   MAX8: 820394   MAX9: 000000  

DEST_SERVER:  16   MSG_ID:   3    
  USEC   BIN0:    539   BIN1:     30   BIN2:      0   BIN3:      0   BIN4:      0   BIN5:      0   BIN6:      0   BIN7:      0   BIN8:    485   BIN9:   4130
  USEC   MIN0: 000056   MIN1: 100331   MIN2: 000000   MIN3: 000000   MIN4: 000000   MIN5: 000000   MIN6: 000000   MIN7: 000000   MIN8: 885189   MIN9: 900019  
  USEC   MAX0: 099828   MAX1: 119318   MAX2: 000000   MAX3: 000000   MAX4: 000000   MAX5: 000000   MAX6: 000000   MAX7: 000000   MAX8: 899992   MAX9: 999907  

DEST_SERVER:  16   MSG_ID:   7    
  USEC   BIN0:      0   BIN1:      0   BIN2:      0   BIN3:      0   BIN4:      0   BIN5:      0   BIN6:      0   BIN7:    235   BIN8:   9889   BIN9:      0
  USEC   MIN0: 000000   MIN1: 000000   MIN2: 000000   MIN3: 000000   MIN4: 000000   MIN5: 000000   MIN6: 000000   MIN7: 797528   MIN8: 800004   MIN9: 000000  
  USEC   MAX0: 000000   MAX1: 000000   MAX2: 000000   MAX3: 000000   MAX4: 000000   MAX5: 000000   MAX6: 000000   MAX7: 799994   MAX8: 876425   MAX9: 000000  

DEST_SERVER:  16   MSG_ID:  12    
  USEC   BIN0:      0   BIN1:  15919   BIN2: 502318   BIN3:      0   BIN4:      2   BIN5:      0   BIN6:      0   BIN7:      0   BIN8:      0   BIN9:      0
  USEC   MIN0: 000000   MIN1: 190052   MIN2: 200000   MIN3: 000000   MIN4: 402307   MIN5: 000000   MIN6: 000000   MIN7: 000000   MIN8: 000000   MIN9: 000000  
  USEC   MAX0: 000000   MAX1: 199999   MAX2: 252155   MAX3: 000000   MAX4: 410815   MAX5: 000000   MAX6: 000000   MAX7: 000000   MAX8: 000000   MAX9: 000000  

DEST_SERVER:  16   MSG_ID:  13    
  USEC   BIN0:      0   BIN1:      0   BIN2:      0   BIN3:      0   BIN4:      0   BIN5:      0   BIN6:      0   BIN7: 172704   BIN8:      0   BIN9:      0
  USEC   MIN0: 000000   MIN1: 000000   MIN2: 000000   MIN3: 000000   MIN4: 000000   MIN5: 000000   MIN6: 000000   MIN7: 722316   MIN8: 000000   MIN9: 000000  
  USEC   MAX0: 000000   MAX1: 000000   MAX2: 000000   MAX3: 000000   MAX4: 000000   MAX5: 000000   MAX6: 000000   MAX7: 790855   MAX8: 000000   MAX9: 000000  

DEST_SERVER:  16   MSG_ID:  14    
  USEC   BIN0:      0   BIN1:      0   BIN2:      0   BIN3:      0   BIN4:      0   BIN5:      0   BIN6:      0   BIN7: 3626780   BIN8:      4   BIN9:      0
  USEC   MIN0: 000000   MIN1: 000000   MIN2: 000000   MIN3: 000000   MIN4: 000000   MIN5: 000000   MIN6: 000000   MIN7: 723072   MIN8: 800226   MIN9: 000000  
  USEC   MAX0: 000000   MAX1: 000000   MAX2: 000000   MAX3: 000000   MAX4: 000000   MAX5: 000000   MAX6: 000000   MAX7: 799726   MAX8: 801475   MAX9: 000000  

DEST_SERVER:  16   MSG_ID:  15    
  USEC   BIN0:      0   BIN1:      0   BIN2:      0   BIN3:      0   BIN4:      0   BIN5:      0   BIN6:      0   BIN7: 9671358   BIN8:     66   BIN9:      0
  USEC   MIN0: 000000   MIN1: 000000   MIN2: 000000   MIN3: 000000   MIN4: 000000   MIN5: 000000   MIN6: 000000   MIN7: 733278   MIN8: 800038   MIN9: 000000  
  USEC   MAX0: 000000   MAX1: 000000   MAX2: 000000   MAX3: 000000   MAX4: 000000   MAX5: 000000   MAX6: 000000   MAX7: 799536   MAX8: 828210   MAX9: 000000  

DEST_SERVER:  16   MSG_ID:  16    
  USEC   BIN0:  17851   BIN1: 531949   BIN2:      0   BIN3:      0   BIN4:      0   BIN5:      0   BIN6:      0   BIN7:      0   BIN8:      0   BIN9:      0
  USEC   MIN0: 091654   MIN1: 100001   MIN2: 000000   MIN3: 000000   MIN4: 000000   MIN5: 000000   MIN6: 000000   MIN7: 000000   MIN8: 000000   MIN9: 000000  
  USEC   MAX0: 099999   MAX1: 157336   MAX2: 000000   MAX3: 000000   MAX4: 000000   MAX5: 000000   MAX6: 000000   MAX7: 000000   MAX8: 000000   MAX9: 000000  

DEST_SERVER:  16   MSG_ID:  18    
  USEC   BIN0:      0   BIN1:      0   BIN2:    235   BIN3:   1306   BIN4:   1737   BIN5:   1057   BIN6:    236   BIN7:     13   BIN8:     24   BIN9:      0
  USEC   MIN0: 000000   MIN1: 000000   MIN2: 270445   MIN3: 300012   MIN4: 400024   MIN5: 500041   MIN6: 600147   MIN7: 700181   MIN8: 847541   MIN9: 000000  
  USEC   MAX0: 000000   MAX1: 000000   MAX2: 299988   MAX3: 399985   MAX4: 499866   MAX5: 599921   MAX6: 699807   MAX7: 723699   MAX8: 882807   MAX9: 000000  

DEST_SERVER:  16   MSG_ID:  19    
  USEC   BIN0:      0   BIN1:      0   BIN2: 172724   BIN3:      0   BIN4:      0   BIN5:      0   BIN6:      0   BIN7:      0   BIN8:      0   BIN9:      0
  USEC   MIN0: 000000   MIN1: 000000   MIN2: 260926   MIN3: 000000   MIN4: 000000   MIN5: 000000   MIN6: 000000   MIN7: 000000   MIN8: 000000   MIN9: 000000  
  USEC   MAX0: 000000   MAX1: 000000   MAX2: 297934   MAX3: 000000   MAX4: 000000   MAX5: 000000   MAX6: 000000   MAX7: 000000   MAX8: 000000   MAX9: 000000  

DEST_SERVER:  16   MSG_ID:  23    
  USEC   BIN0:      0   BIN1:      0   BIN2:      0   BIN3:      0   BIN4:      0   BIN5:      0   BIN6:   4093   BIN7: 514048   BIN8:      0   BIN9:      0
  USEC   MIN0: 000000   MIN1: 000000   MIN2: 000000   MIN3: 000000   MIN4: 000000   MIN5: 000000   MIN6: 694513   MIN7: 700000   MIN8: 000000   MIN9: 000000  
  USEC   MAX0: 000000   MAX1: 000000   MAX2: 000000   MAX3: 000000   MAX4: 000000   MAX5: 000000   MAX6: 699996   MAX7: 798008   MAX8: 000000   MAX9: 000000  

DEST_SERVER:  16   MSG_ID:  26    
  USEC   BIN0:      0   BIN1:      0   BIN2:      0   BIN3:      0   BIN4:      0   BIN5:      0   BIN6:      0   BIN7: 172704   BIN8:      0   BIN9:      0
  USEC   MIN0: 000000   MIN1: 000000   MIN2: 000000   MIN3: 000000   MIN4: 000000   MIN5: 000000   MIN6: 000000   MIN7: 722620   MIN8: 000000   MIN9: 000000  
  USEC   MAX0: 000000   MAX1: 000000   MAX2: 000000   MAX3: 000000   MAX4: 000000   MAX5: 000000   MAX6: 000000   MAX7: 791110   MAX8: 000000   MAX9: 000000  

DEST_SERVER:  16   MSG_ID:  27    
  USEC   BIN0:    198   BIN1:      0   BIN2:      0   BIN3:      0   BIN4:      0   BIN5:      0   BIN6:      0   BIN7:      0   BIN8:      0   BIN9:  17082
  USEC   MIN0: 000463   MIN1: 000000   MIN2: 000000   MIN3: 000000   MIN4: 000000   MIN5: 000000   MIN6: 000000   MIN7: 000000   MIN8: 000000   MIN9: 932462  
  USEC   MAX0: 088695   MAX1: 000000   MAX2: 000000   MAX3: 000000   MAX4: 000000   MAX5: 000000   MAX6: 000000   MAX7: 000000   MAX8: 000000   MAX9: 998258  

DEST_SERVER:  16   MSG_ID:  36    
  USEC   BIN0: 163480   BIN1: 148866   BIN2:  97051   BIN3:  77799   BIN4:  48318   BIN5:  15781   BIN6:   1031   BIN7:      0   BIN8:  37371   BIN9:  66700
  USEC   MIN0: 000010   MIN1: 100001   MIN2: 200000   MIN3: 300000   MIN4: 400001   MIN5: 500000   MIN6: 600013   MIN7: 000000   MIN8: 827223   MIN9: 900007  
  USEC   MAX0: 099998   MAX1: 199999   MAX2: 299999   MAX3: 399998   MAX4: 499995   MAX5: 599776   MAX6: 683751   MAX7: 000000   MAX8: 899985   MAX9: 999999  

DEST_SERVER:  16   MSG_ID:  37    
  USEC   BIN0: 167354   BIN1: 145365   BIN2:  95824   BIN3:  77400   BIN4:  47255   BIN5:  16305   BIN6:    944   BIN7:      2   BIN8:  37774   BIN9:  66722
  USEC   MIN0: 000011   MIN1: 100001   MIN2: 200000   MIN3: 300000   MIN4: 400005   MIN5: 500000   MIN6: 600137   MIN7: 715454   MIN8: 826291   MIN9: 900008  
  USEC   MAX0: 099999   MAX1: 199999   MAX2: 299999   MAX3: 399996   MAX4: 499998   MAX5: 599915   MAX6: 691025   MAX7: 715456   MAX8: 899991   MAX9: 999999  

DEST_SERVER:  16   MSG_ID:  38    
  USEC   BIN0: 166200   BIN1: 145970   BIN2:  96254   BIN3:  77558   BIN4:  47290   BIN5:  14976   BIN6:    830   BIN7:      0   BIN8:  37921   BIN9:  69387
  USEC   MIN0: 000013   MIN1: 100002   MIN2: 200000   MIN3: 300000   MIN4: 400001   MIN5: 500001   MIN6: 600049   MIN7: 000000   MIN8: 826637   MIN9: 900002  
  USEC   MAX0: 099999   MAX1: 199999   MAX2: 299998   MAX3: 399998   MAX4: 499999   MAX5: 599891   MAX6: 693286   MAX7: 000000   MAX8: 899996   MAX9: 999999  

DEST_SERVER:  16   MSG_ID:  41    
  USEC   BIN0:  96847   BIN1:  72075   BIN2:  39246   BIN3:  39316   BIN4:  18328   BIN5:   1851   BIN6:      3   BIN7:      0   BIN8:      0   BIN9:  60543
  USEC   MIN0: 000005   MIN1: 100001   MIN2: 200001   MIN3: 300000   MIN4: 400007   MIN5: 500010   MIN6: 607438   MIN7: 000000   MIN8: 000000   MIN9: 933836  
  USEC   MAX0: 099999   MAX1: 199999   MAX2: 299998   MAX3: 399997   MAX4: 499982   MAX5: 594067   MAX6: 614969   MAX7: 000000   MAX8: 000000   MAX9: 999998  

DEST_SERVER:  16   MSG_ID:  42    
  USEC   BIN0: 109409   BIN1:  33116   BIN2:  40598   BIN3:  26356   BIN4:    441   BIN5:      0   BIN6:      0   BIN7:  12157   BIN8:  17344   BIN9:  88877
  USEC   MIN0: 000005   MIN1: 100002   MIN2: 200001   MIN3: 300000   MIN4: 400089   MIN5: 000000   MIN6: 000000   MIN7: 705759   MIN8: 825160   MIN9: 900002  
  USEC   MAX0: 099997   MAX1: 199994   MAX2: 299998   MAX3: 399936   MAX4: 456675   MAX5: 000000   MAX6: 000000   MAX7: 763451   MAX8: 899998   MAX9: 999999  

DEST_SERVER:  16   MSG_ID:  44    
  USEC   BIN0:      8   BIN1:      0   BIN2:      0   BIN3:      0   BIN4:      0   BIN5:      0   BIN6:      0   BIN7:      0   BIN8:      0   BIN9:      0
  USEC   MIN0: 019929   MIN1: 000000   MIN2: 000000   MIN3: 000000   MIN4: 000000   MIN5: 000000   MIN6: 000000   MIN7: 000000   MIN8: 000000   MIN9: 000000  
  USEC   MAX0: 040417   MAX1: 000000   MAX2: 000000   MAX3: 000000   MAX4: 000000   MAX5: 000000   MAX6: 000000   MAX7: 000000   MAX8: 000000   MAX9: 000000  

DEST_SERVER:  17   MSG_ID:   4    
  USEC   BIN0:      0   BIN1:      0   BIN2:      0   BIN3:      0   BIN4:      0   BIN5:      0   BIN6:      0   BIN7:      1   BIN8:      0   BIN9:      0
  USEC   MIN0: 000000   MIN1: 000000   MIN2: 000000   MIN3: 000000   MIN4: 000000   MIN5: 000000   MIN6: 000000   MIN7: 702056   MIN8: 000000   MIN9: 000000  
  USEC   MAX0: 000000   MAX1: 000000   MAX2: 000000   MAX3: 000000   MAX4: 000000   MAX5: 000000   MAX6: 000000   MAX7: 702056   MAX8: 000000   MAX9: 000000  


--- SP to CP --- 

DEST_SERVER:   2   MSG_ID:   3    
  USEC   BIN0:      0   BIN1:      0   BIN2:      0   BIN3:      0   BIN4:      0   BIN5:  86352   BIN6:  86352   BIN7:      0   BIN8:      0   BIN9:      0
  USEC   MIN0: 000000   MIN1: 000000   MIN2: 000000   MIN3: 000000   MIN4: 000000   MIN5: 510852   MIN6: 625122   MIN7: 000000   MIN8: 000000   MIN9: 000000  
  USEC   MAX0: 000000   MAX1: 000000   MAX2: 000000   MAX3: 000000   MAX4: 000000   MAX5: 527316   MAX6: 632361   MAX7: 000000   MAX8: 000000   MAX9: 000000  

DEST_SERVER:   2   MSG_ID:   8    
  USEC   BIN0:      0   BIN1:      0   BIN2:      0   BIN3:      0   BIN4:      0   BIN5:      0   BIN6:      0   BIN7:      0   BIN8:      0   BIN9: 172704
  USEC   MIN0: 000000   MIN1: 000000   MIN2: 000000   MIN3: 000000   MIN4: 000000   MIN5: 000000   MIN6: 000000   MIN7: 000000   MIN8: 000000   MIN9: 945182  
  USEC   MAX0: 000000   MAX1: 000000   MAX2: 000000   MAX3: 000000   MAX4: 000000   MAX5: 000000   MAX6: 000000   MAX7: 000000   MAX8: 000000   MAX9: 960365  

DEST_SERVER:   2   MSG_ID:  13    
  USEC   BIN0:      2   BIN1:      0   BIN2:      0   BIN3:      0   BIN4:      0   BIN5:      0   BIN6:      0   BIN7: 345409   BIN8:      0   BIN9:      0
  USEC   MIN0: 001333   MIN1: 000000   MIN2: 000000   MIN3: 000000   MIN4: 000000   MIN5: 000000   MIN6: 000000   MIN7: 701296   MIN8: 000000   MIN9: 000000  
  USEC   MAX0: 001337   MAX1: 000000   MAX2: 000000   MAX3: 000000   MAX4: 000000   MAX5: 000000   MAX6: 000000   MAX7: 764127   MAX8: 000000   MAX9: 000000  

DEST_SERVER:   2   MSG_ID:  16    
  USEC   BIN0:      2   BIN1:      0   BIN2:      0   BIN3:      0   BIN4:      0   BIN5:      0   BIN6:      0   BIN7:      0   BIN8:      0   BIN9:      0
  USEC   MIN0: 001837   MIN1: 000000   MIN2: 000000   MIN3: 000000   MIN4: 000000   MIN5: 000000   MIN6: 000000   MIN7: 000000   MIN8: 000000   MIN9: 000000  
  USEC   MAX0: 001955   MAX1: 000000   MAX2: 000000   MAX3: 000000   MAX4: 000000   MAX5: 000000   MAX6: 000000   MAX7: 000000   MAX8: 000000   MAX9: 000000  

DEST_SERVER:   2   MSG_ID:  25    
  USEC   BIN0:      0   BIN1:      0   BIN2:      0   BIN3:      0   BIN4:      6   BIN5:      0   BIN6:      0   BIN7:      0   BIN8:      0   BIN9:      0
  USEC   MIN0: 000000   MIN1: 000000   MIN2: 000000   MIN3: 000000   MIN4: 483603   MIN5: 000000   MIN6: 000000   MIN7: 000000   MIN8: 000000   MIN9: 000000  
  USEC   MAX0: 000000   MAX1: 000000   MAX2: 000000   MAX3: 000000   MAX4: 484353   MAX5: 000000   MAX6: 000000   MAX7: 000000   MAX8: 000000   MAX9: 000000  

DEST_SERVER:   3   MSG_ID:   1    
  USEC   BIN0:      2   BIN1:      0   BIN2:      0   BIN3:      0   BIN4:      0   BIN5:      0   BIN6:      0   BIN7:      0   BIN8:      0   BIN9:      0
  USEC   MIN0: 002089   MIN1: 000000   MIN2: 000000   MIN3: 000000   MIN4: 000000   MIN5: 000000   MIN6: 000000   MIN7: 000000   MIN8: 000000   MIN9: 000000  
  USEC   MAX0: 002090   MAX1: 000000   MAX2: 000000   MAX3: 000000   MAX4: 000000   MAX5: 000000   MAX6: 000000   MAX7: 000000   MAX8: 000000   MAX9: 000000  

DEST_SERVER:   4   MSG_ID:   7    
  USEC   BIN0:      3   BIN1:     37   BIN2:      0   BIN3:      0   BIN4:      0   BIN5:      0   BIN6:      0   BIN7:      0   BIN8:      0   BIN9:      0
  USEC   MIN0: 097388   MIN1: 100570   MIN2: 000000   MIN3: 000000   MIN4: 000000   MIN5: 000000   MIN6: 000000   MIN7: 000000   MIN8: 000000   MIN9: 000000  
  USEC   MAX0: 097884   MAX1: 105278   MAX2: 000000   MAX3: 000000   MAX4: 000000   MAX5: 000000   MAX6: 000000   MAX7: 000000   MAX8: 000000   MAX9: 000000  

DEST_SERVER:   8   MSG_ID:   7    
  USEC   BIN0:      0   BIN1:      0   BIN2:  10476   BIN3:      0   BIN4:      0   BIN5:      0   BIN6:      0   BIN7:      0   BIN8:      0   BIN9:      0
  USEC   MIN0: 000000   MIN1: 000000   MIN2: 267703   MIN3: 000000   MIN4: 000000   MIN5: 000000   MIN6: 000000   MIN7: 000000   MIN8: 000000   MIN9: 000000  
  USEC   MAX0: 000000   MAX1: 000000   MAX2: 286458   MAX3: 000000   MAX4: 000000   MAX5: 000000   MAX6: 000000   MAX7: 000000   MAX8: 000000   MAX9: 000000  

DEST_SERVER:   8   MSG_ID:   8    
  USEC   BIN0:      0   BIN1:      0   BIN2:      0   BIN3:      0   BIN4:      0   BIN5:      0   BIN6:      0   BIN7:      0   BIN8:      4   BIN9:      0
  USEC   MIN0: 000000   MIN1: 000000   MIN2: 000000   MIN3: 000000   MIN4: 000000   MIN5: 000000   MIN6: 000000   MIN7: 000000   MIN8: 867649   MIN9: 000000  
  USEC   MAX0: 000000   MAX1: 000000   MAX2: 000000   MAX3: 000000   MAX4: 000000   MAX5: 000000   MAX6: 000000   MAX7: 000000   MAX8: 869812   MAX9: 000000  

DEST_SERVER:  16   MSG_ID:  19    
  USEC   BIN0:      0   BIN1:      0   BIN2: 172726   BIN3:      0   BIN4:      0   BIN5:      0   BIN6:      0   BIN7:      0   BIN8:      0   BIN9:      0
  USEC   MIN0: 000000   MIN1: 000000   MIN2: 245642   MIN3: 000000   MIN4: 000000   MIN5: 000000   MIN6: 000000   MIN7: 000000   MIN8: 000000   MIN9: 000000  
  USEC   MAX0: 000000   MAX1: 000000   MAX2: 256411   MAX3: 000000   MAX4: 000000   MAX5: 000000   MAX6: 000000   MAX7: 000000   MAX8: 000000   MAX9: 000000  

DEST_SERVER:  16   MSG_ID:  43    
  USEC   BIN0:      8   BIN1:      0   BIN2:      0   BIN3:      0   BIN4:      0   BIN5:      0   BIN6:      0   BIN7:      0   BIN8:      0   BIN9:      0
  USEC   MIN0: 001190   MIN1: 000000   MIN2: 000000   MIN3: 000000   MIN4: 000000   MIN5: 000000   MIN6: 000000   MIN7: 000000   MIN8: 000000   MIN9: 000000  
  USEC   MAX0: 004192   MAX1: 000000   MAX2: 000000   MAX3: 000000   MAX4: 000000   MAX5: 000000   MAX6: 000000   MAX7: 000000   MAX8: 000000   MAX9: 000000  

DEST_SERVER:  19   MSG_ID:  15    
  USEC   BIN0:     75   BIN1:  11445   BIN2:      0   BIN3:      0   BIN4:      0   BIN5:      0   BIN6:      0   BIN7:      0   BIN8:      0   BIN9:      0
  USEC   MIN0: 096296   MIN1: 100007   MIN2: 000000   MIN3: 000000   MIN4: 000000   MIN5: 000000   MIN6: 000000   MIN7: 000000   MIN8: 000000   MIN9: 000000  
  USEC   MAX0: 099956   MAX1: 141832   MAX2: 000000   MAX3: 000000   MAX4: 000000   MAX5: 000000   MAX6: 000000   MAX7: 000000   MAX8: 000000   MAX9: 000000  

DEST_SERVER:  19   MSG_ID:  17    
  USEC   BIN0:     76   BIN1:  11444   BIN2:      0   BIN3:      0   BIN4:      0   BIN5:      0   BIN6:      0   BIN7:      0   BIN8:      0   BIN9:      0
  USEC   MIN0: 096190   MIN1: 100014   MIN2: 000000   MIN3: 000000   MIN4: 000000   MIN5: 000000   MIN6: 000000   MIN7: 000000   MIN8: 000000   MIN9: 000000  
  USEC   MAX0: 099844   MAX1: 141458   MAX2: 000000   MAX3: 000000   MAX4: 000000   MAX5: 000000   MAX6: 000000   MAX7: 000000   MAX8: 000000   MAX9: 000000  

DEST_SERVER:  19   MSG_ID:  38    
  USEC   BIN0:      4   BIN1:      0   BIN2:      0   BIN3:      0   BIN4: 146177   BIN5:  26528   BIN6:      0   BIN7:      0   BIN8:      0   BIN9: 172700
  USEC   MIN0: 004044   MIN1: 000000   MIN2: 000000   MIN3: 000000   MIN4: 455651   MIN5: 500000   MIN6: 000000   MIN7: 000000   MIN8: 000000   MIN9: 936903  
  USEC   MAX0: 031716   MAX1: 000000   MAX2: 000000   MAX3: 000000   MAX4: 499998   MAX5: 530473   MAX6: 000000   MAX7: 000000   MAX8: 000000   MAX9: 990905  

DEST_SERVER:  21   MSG_ID:  22    
  USEC   BIN0:      2   BIN1:      0   BIN2:      0   BIN3:      0   BIN4:      0   BIN5:      0   BIN6:      0   BIN7:      0   BIN8:      0   BIN9:  86350
  USEC   MIN0: 004667   MIN1: 000000   MIN2: 000000   MIN3: 000000   MIN4: 000000   MIN5: 000000   MIN6: 000000   MIN7: 000000   MIN8: 000000   MIN9: 937527  
  USEC   MAX0: 033339   MAX1: 000000   MAX2: 000000   MAX3: 000000   MAX4: 000000   MAX5: 000000   MAX6: 000000   MAX7: 000000   MAX8: 000000   MAX9: 991156  

DEST_SERVER:  23   MSG_ID:   5    
  USEC   BIN0:      0   BIN1:      0   BIN2:      0   BIN3:      0   BIN4:      0   BIN5:      0   BIN6:      0   BIN7: 345408   BIN8:      0   BIN9:      0
  USEC   MIN0: 000000   MIN1: 000000   MIN2: 000000   MIN3: 000000   MIN4: 000000   MIN5: 000000   MIN6: 000000   MIN7: 722784   MIN8: 000000   MIN9: 000000  
  USEC   MAX0: 000000   MAX1: 000000   MAX2: 000000   MAX3: 000000   MAX4: 000000   MAX5: 000000   MAX6: 000000   MAX7: 791364   MAX8: 000000   MAX9: 000000  

DEST_SERVER:  26   MSG_ID:   6    
  USEC   BIN0:      0   BIN1:      0   BIN2: 518187   BIN3:      0   BIN4:      0   BIN5:      0   BIN6:      0   BIN7:      0   BIN8:      0   BIN9:      0
  USEC   MIN0: 000000   MIN1: 000000   MIN2: 245111   MIN3: 000000   MIN4: 000000   MIN5: 000000   MIN6: 000000   MIN7: 000000   MIN8: 000000   MIN9: 000000  
  USEC   MAX0: 000000   MAX1: 000000   MAX2: 258044   MAX3: 000000   MAX4: 000000   MAX5: 000000   MAX6: 000000   MAX7: 000000   MAX8: 000000   MAX9: 000000  

DEST_SERVER:  26   MSG_ID:  37    
  USEC   BIN0:      0   BIN1:      0   BIN2:      0   BIN3:      0   BIN4:  81505   BIN5:  22175   BIN6:      0   BIN7:      0   BIN8:      0   BIN9:      0
  USEC   MIN0: 000000   MIN1: 000000   MIN2: 000000   MIN3: 000000   MIN4: 455466   MIN5: 500001   MIN6: 000000   MIN7: 000000   MIN8: 000000   MIN9: 000000  
  USEC   MAX0: 000000   MAX1: 000000   MAX2: 000000   MAX3: 000000   MAX4: 499999   MAX5: 528594   MAX6: 000000   MAX7: 000000   MAX8: 000000   MAX9: 000000  

DEST_SERVER:  26   MSG_ID:  39    
  USEC   BIN0:      0   BIN1:      0   BIN2:      0   BIN3:      0   BIN4:  21315   BIN5:   4605   BIN6:      0   BIN7:      0   BIN8:      0   BIN9:      0
  USEC   MIN0: 000000   MIN1: 000000   MIN2: 000000   MIN3: 000000   MIN4: 456451   MIN5: 500000   MIN6: 000000   MIN7: 000000   MIN8: 000000   MIN9: 000000  
  USEC   MAX0: 000000   MAX1: 000000   MAX2: 000000   MAX3: 000000   MAX4: 499996   MAX5: 528531   MAX6: 000000   MAX7: 000000   MAX8: 000000   MAX9: 000000  

DEST_SERVER:  26   MSG_ID:  45    
  USEC   BIN0:      0   BIN1:      0   BIN2:   1744   BIN3:      0   BIN4:      0   BIN5:      0   BIN6:      0   BIN7:      0   BIN8:      0   BIN9:      0
  USEC   MIN0: 000000   MIN1: 000000   MIN2: 272691   MIN3: 000000   MIN4: 000000   MIN5: 000000   MIN6: 000000   MIN7: 000000   MIN8: 000000   MIN9: 000000  
  USEC   MAX0: 000000   MAX1: 000000   MAX2: 279782   MAX3: 000000   MAX4: 000000   MAX5: 000000   MAX6: 000000   MAX7: 000000   MAX8: 000000   MAX9: 000000  

DEST_SERVER:  26   MSG_ID:  46    
  USEC   BIN0:      0   BIN1:      0   BIN2:      0   BIN3:      0   BIN4:   9931   BIN5:   1589   BIN6:      0   BIN7:      0   BIN8:      0   BIN9:      0
  USEC   MIN0: 000000   MIN1: 000000   MIN2: 000000   MIN3: 000000   MIN4: 454858   MIN5: 500000   MIN6: 000000   MIN7: 000000   MIN8: 000000   MIN9: 000000  
  USEC   MAX0: 000000   MAX1: 000000   MAX2: 000000   MAX3: 000000   MAX4: 499986   MAX5: 529350   MAX6: 000000   MAX7: 000000   MAX8: 000000   MAX9: 000000  

DEST_SERVER:  35   MSG_ID:   1    
  USEC   BIN0:  17280   BIN1:      0   BIN2:      0   BIN3:      0   BIN4:      0   BIN5:      0   BIN6:      0   BIN7:      0   BIN8:      0   BIN9:      0
  USEC   MIN0: 001926   MIN1: 000000   MIN2: 000000   MIN3: 000000   MIN4: 000000   MIN5: 000000   MIN6: 000000   MIN7: 000000   MIN8: 000000   MIN9: 000000  
  USEC   MAX0: 002355   MAX1: 000000   MAX2: 000000   MAX3: 000000   MAX4: 000000   MAX5: 000000   MAX6: 000000   MAX7: 000000   MAX8: 000000   MAX9: 000000  

DEST_SERVER:  44   MSG_ID:   2    
  USEC   BIN0:    280   BIN1:  88750   BIN2:  72984   BIN3:  10471   BIN4:  23872   BIN5:  17069   BIN6:      0   BIN7:      0   BIN8:  78871   BIN9: 120643
  USEC   MIN0: 001440   MIN1: 100035   MIN2: 266689   MIN3: 300091   MIN4: 400001   MIN5: 500027   MIN6: 000000   MIN7: 000000   MIN8: 808546   MIN9: 900006  
  USEC   MAX0: 099989   MAX1: 121052   MAX2: 299995   MAX3: 399997   MAX4: 499989   MAX5: 528670   MAX6: 000000   MAX7: 000000   MAX8: 899997   MAX9: 990529  


*****************
*** ACK_TYPE ****
*****************

--- CP to SP --- 

DEST_SERVER:   3   MSG_ID:   1    
  USEC   BIN0:  17725   BIN1: 107191   BIN2: 776108   BIN3:  10400   BIN4: 282474   BIN5: 158728   BIN6:  86352   BIN7: 690817   BIN8:  78859   BIN9: 552413
  USEC   MIN0: 001315   MIN1: 100003   MIN2: 245265   MIN3: 300014   MIN4: 400000   MIN5: 500000   MIN6: 625277   MIN7: 701435   MIN8: 808670   MIN9: 900001  
  USEC   MAX0: 099982   MAX1: 142206   MAX2: 299993   MAX3: 399998   MAX4: 499999   MAX5: 530597   MAX6: 642642   MAX7: 791610   MAX8: 899996   MAX9: 991277  


--- SP to CP --- 

DEST_SERVER:   5   MSG_ID:   1    
  USEC   BIN0: 1448592   BIN1: 2136000   BIN2: 2088622   BIN3: 599588   BIN4: 327160   BIN5: 100203   BIN6:  14173   BIN7: 28922653   BIN8: 1427341   BIN9: 746306
  USEC   MIN0: 000037   MIN1: 100001   MIN2: 200000   MIN3: 300000   MIN4: 400000   MIN5: 500000   MIN6: 600004   MIN7: 700000   MIN8: 800000   MIN9: 900000  
  USEC   MAX0: 099999   MAX1: 199999   MAX2: 299999   MAX3: 399998   MAX4: 499999   MAX5: 599947   MAX6: 699999   MAX7: 799999   MAX8: 899998   MAX9: 999999  

